 2.00700E-10 7.65040E-17 1.18497E-02 7.70152E-14 1.31354E-11 1.21616E-09 2.29794E-08 7.25622E-21
 5.50000E-07 1.60000E-06 9.00000E-08 5.95461E-10 6.78512E-12 3.00000E-07 5.65987E-12 1.53588E-11
 3.18215E-14 1.29363E-10 3.69571E-13 9.57357E-15 7.13750E-17 1.36638E-22 5.00000E-10 2.24719E-13
 1.31847E-17 1.65739E-14 1.04880E-11 5.31717E-13 1.68195E-12 3.66120E-18 4.60525E-20 2.67280E-11
 2.39782E-12 3.10501E-14 2.06317E-10 1.07342E-16 8.40137E-03 9.49394E-14 1.33357E-11 1.22394E-09
 2.69122E-08 8.26533E-21 5.50389E-07 1.59389E-06 7.98574E-08 5.62522E-10 6.71401E-12 2.99950E-07
 7.11085E-12 1.76625E-11 4.35433E-14 1.97893E-10 7.77712E-13 1.10966E-14 1.39118E-16 4.21586E-22
 4.84501E-10 2.90182E-13 1.90500E-17 2.34150E-14 1.50668E-11 7.59691E-13 1.71029E-12 4.25822E-18
 6.81132E-20 4.60617E-11 4.74083E-12 3.45418E-14 2.01384E-10 1.53884E-16 5.75606E-03 1.15681E-13
 1.32180E-11 1.15800E-09 3.23278E-08 9.32047E-21 5.50800E-07 1.58867E-06 7.12211E-08 4.85291E-10
 6.31674E-12 2.99894E-07 8.94411E-12 2.05222E-11 5.89595E-14 2.86507E-10 1.71993E-12 1.34338E-14
 2.95554E-16 1.35198E-21 4.71026E-10 3.61421E-13 2.68899E-17 3.29000E-14 2.02012E-11 1.04584E-12
 1.76171E-12 4.86894E-18 1.00507E-19 6.32812E-11 7.38050E-12 3.76492E-14 1.86183E-10 2.20442E-16
 3.69287E-03 1.36529E-13 1.25480E-11 9.97933E-10 3.89380E-08 1.02218E-20 5.51196E-07 1.58437E-06
 6.39564E-08 3.74905E-10 5.49134E-12 2.99833E-07 1.15686E-11 2.42401E-11 7.94537E-14 3.77388E-10
 3.92724E-12 1.60563E-14 6.69676E-16 4.01679E-21 4.59728E-10 4.11416E-13 3.63549E-17 4.34644E-14
 2.47244E-11 1.37993E-12 1.87079E-12 5.51639E-18 1.49905E-19 7.99854E-11 1.00095E-11 4.18838E-14
 1.64207E-10 3.10719E-16 2.22631E-03 1.56275E-13 1.13324E-11 7.86381E-10 4.62960E-08 1.09330E-20
 5.51553E-07 1.58098E-06 5.79448E-08 2.60442E-10 4.39920E-12 2.99765E-07 1.54004E-11 2.88104E-11
 1.06807E-13 4.59429E-10 9.15319E-12 1.82531E-14 1.54054E-15 1.06383E-20 4.50657E-10 4.15128E-13
 4.70603E-17 5.27832E-14 2.83220E-11 1.69712E-12 2.07409E-12 6.34224E-18 2.29785E-19 9.76864E-11
 1.24628E-11 4.79645E-14 1.35504E-10 4.23611E-16 1.22416E-03 1.69441E-13 9.49382E-12 5.64877E-10
 5.38166E-08 1.10935E-20 5.51854E-07 1.57844E-06 5.31021E-08 1.62524E-10 3.19231E-12 2.99689E-07
 2.05450E-11 3.29704E-11 1.36969E-13 5.20992E-10 2.18253E-11 1.88502E-14 3.40092E-15 2.67968E-20
 4.43772E-10 3.63341E-13 5.78370E-17 5.87001E-14 3.09786E-11 1.87942E-12 2.44149E-12 7.41838E-18
 3.66540E-19 1.17743E-10 1.43579E-11 5.72055E-14 1.00079E-10 5.53816E-16 5.91750E-04 1.63624E-13
 7.15306E-12 3.68846E-10 6.09341E-08 1.00479E-20 5.52091E-07 1.57662E-06 4.93531E-08 9.23195E-11
 2.08062E-12 2.99605E-07 2.54751E-11 3.33081E-11 1.46833E-13 5.53368E-10 4.62035E-11 1.68763E-14
 6.53316E-15 7.12722E-20 4.38872E-10 2.75087E-13 6.54035E-17 6.14281E-14 3.28801E-11 1.80524E-12
 3.07851E-12 8.42800E-18 5.84463E-19 1.40720E-10 1.49725E-11 7.14501E-14 6.62385E-11 7.00109E-16
 2.51236E-04 1.41369E-13 4.74123E-12 2.19555E-10 6.74798E-08 8.19009E-21 5.52255E-07 1.57531E-06
 4.65375E-08 4.71982E-11 1.17814E-12 2.99511E-07 3.10988E-11 3.15164E-11 1.39714E-13 5.64565E-10
 7.19105E-11 1.34479E-14 1.18453E-14 1.86349E-19 4.35497E-10 1.70927E-13 6.90894E-17 5.84735E-14
 3.43230E-11 1.52746E-12 3.97638E-12 8.92143E-18 8.94446E-19 1.64294E-10 1.41121E-11 8.95836E-14
 4.18623E-11 8.70369E-16 9.66722E-05 1.21690E-13 2.75482E-12 1.22272E-10 7.35753E-08 6.70909E-21
 5.52354E-07 1.57427E-06 4.44343E-08 2.14937E-11 5.55215E-13 2.99407E-07 4.41624E-11 3.34911E-11
 1.53793E-13 5.70279E-10 7.81886E-11 1.02582E-14 2.42725E-14 3.84931E-19 4.33109E-10 8.09209E-14
 7.37950E-17 4.67726E-14 3.55528E-11 1.21621E-12 4.83477E-12 8.95230E-18 1.32922E-18 1.82410E-10
 1.24733E-11 1.04321E-13 2.64677E-11 1.09957E-15 3.89878E-05 1.07900E-13 1.57865E-12 6.69640E-11
 7.96488E-08 5.80505E-21 5.52402E-07 1.57332E-06 4.27904E-08 9.48605E-12 2.56747E-13 2.99285E-07
 6.47400E-11 3.71320E-11 1.76875E-13 5.76239E-10 6.72121E-11 7.77042E-15 4.33659E-14 6.36421E-19
 4.31220E-10 3.52544E-14 7.97840E-17 3.57625E-14 3.68011E-11 9.45004E-13 5.09381E-12 8.04302E-18
 1.72641E-18 1.87428E-10 1.03881E-11 1.04944E-13 1.70822E-11 1.48981E-15 1.98525E-05 9.70153E-14
 1.01334E-12 3.32246E-11 8.80614E-08 5.27427E-21 5.52411E-07 1.57201E-06 4.10928E-08 3.88155E-12
 1.42247E-13 2.99087E-07 8.45740E-11 3.95092E-11 1.77584E-13 5.87144E-10 5.12459E-11 6.12755E-15
 5.77957E-14 8.45281E-19 4.29063E-10 1.74846E-14 8.28965E-17 3.02276E-14 3.86140E-11 7.27969E-13
 3.00626E-12 4.02429E-18 1.21098E-18 1.59185E-10 7.47063E-12 6.35249E-14 1.13289E-11 2.29703E-15
 1.04082E-05 8.36413E-14 6.31133E-13 1.22935E-11 1.05057E-07 4.70640E-21 5.52341E-07 1.56933E-06
 3.87060E-08 1.27583E-12 8.23004E-14 2.98637E-07 1.11932E-10 4.85257E-11 1.66565E-13 6.25377E-10
 3.70623E-11 4.96632E-15 7.60030E-14 7.52113E-19 4.25390E-10 8.29558E-15 8.08539E-17 2.59755E-14
 4.24190E-11 6.09459E-13 1.53589E-12 1.56614E-18 6.13446E-19 1.27684E-10 4.43939E-12 3.29901E-14
 8.58551E-12 4.15318E-15 8.50706E-06 7.79580E-14 4.51438E-13 3.31695E-12 1.42223E-07 4.51754E-21
 5.52046E-07 1.56339E-06 3.51800E-08 3.98244E-13 5.72116E-14 2.97569E-07 1.42770E-10 6.81021E-11
 1.58659E-13 7.23778E-10 3.04043E-11 5.13006E-15 1.08683E-13 8.99763E-19 4.18442E-10 5.73084E-15
 8.68749E-17 2.91986E-14 4.92406E-11 7.35205E-13 6.18879E-13 4.65474E-19 2.46611E-19 9.23596E-11
 2.36184E-12 1.38348E-14 7.63258E-12 8.59153E-15 8.53173E-06 8.22986E-14 4.00438E-13 1.01166E-12
 2.16977E-07 4.77842E-21 5.51244E-07 1.55139E-06 3.04720E-08 1.93861E-13 4.88482E-14 2.95304E-07
 1.74067E-10 1.05416E-10 1.61447E-13 9.51836E-10 3.26833E-11 7.47169E-15 2.16730E-13 1.96096E-18
 4.06167E-10 6.95483E-15 1.12315E-16 4.66267E-14 6.08538E-11 1.37767E-12 1.86019E-13 1.03869E-19
 8.25512E-20 5.84037E-11 1.23488E-12 4.32129E-15 7.40824E-12 1.86267E-14 8.57372E-06 9.26882E-14
 4.14299E-13 6.42655E-13 3.43888E-07 5.26677E-21 5.49596E-07 1.53110E-06 2.53198E-08 1.52166E-13
 4.63338E-14 2.91331E-07 2.08616E-10 1.68922E-10 1.70727E-13 1.36334E-09 4.22365E-11 1.32463E-14
 5.36455E-13 5.52254E-18 3.87822E-10 1.14585E-14 1.60248E-16 8.69601E-14 7.74402E-11 3.09207E-12
 4.35149E-14 1.81882E-20 2.57721E-20 3.28024E-11 6.20632E-13 1.01606E-15 7.59994E-12 3.93319E-14
 8.63405E-06 1.09016E-13 4.80309E-13 6.76154E-13 5.27784E-07 6.04219E-21 5.46865E-07 1.50214E-06
 2.06376E-08 1.49350E-13 4.67948E-14 2.85477E-07 2.48877E-10 2.63197E-10 1.86308E-13 1.96654E-09
 5.84446E-11 2.43114E-14 1.32239E-12 1.53038E-17 3.64463E-10 2.12348E-14 2.36177E-16 1.63525E-13
 9.70585E-11 6.74597E-12 8.58106E-15 2.83810E-21 1.23564E-20 1.70944E-11 3.02491E-13 1.93009E-16
 8.10184E-12 7.96260E-14 8.71297E-06 1.32454E-13 6.03324E-13 8.72101E-13 7.73282E-07 7.26184E-21
 5.42850E-07 1.46447E-06 1.68178E-08 1.65487E-13 4.95955E-14 2.77649E-07 2.94824E-10 3.91150E-10
 2.07177E-13 2.75837E-09 8.19919E-11 4.31804E-14 2.98063E-12 3.87647E-17 3.37176E-10 4.10753E-14
 3.48579E-16 2.97313E-13 1.17460E-10 1.34778E-11 1.48419E-15 4.15099E-22 1.16917E-20 8.46298E-12
 1.44214E-13 3.09590E-17 8.89833E-12 1.53986E-13 8.80788E-06 1.65811E-13 8.00351E-13 1.25663E-12
 1.07833E-06 9.26881E-21 5.37511E-07 1.41945E-06 1.39870E-08 1.99552E-13 5.49907E-14 2.68049E-07
 3.45058E-10 5.49437E-10 2.33015E-13 3.70347E-09 1.12639E-10 7.20825E-14 5.91418E-12 8.83896E-17
 3.07691E-10 8.00568E-14 5.08709E-16 5.17402E-13 1.35959E-10 2.42050E-11 2.34508E-16 5.96317E-23
 1.37944E-20 4.08575E-12 6.88112E-14 4.41343E-18 1.00024E-11 2.86736E-13 8.91615E-06 2.13298E-13
 1.10219E-12 1.94606E-12 1.44281E-06 1.26233E-20 5.30849E-07 1.36837E-06 1.20246E-08 2.55738E-13
 6.34542E-14 2.56902E-07 3.98617E-10 7.34442E-10 2.64107E-13 4.76345E-09 1.49910E-10 1.13325E-13
 1.04162E-11 1.83574E-16 2.77308E-10 1.55295E-13 7.31207E-16 8.65991E-13 1.50591E-10 3.95317E-11
 3.44536E-17 8.50571E-24 1.58171E-20 1.94752E-12 3.31936E-14 5.75742E-19 1.14523E-11 5.17349E-13
 9.03398E-06 2.81457E-13 1.55812E-12 3.16254E-12 1.86393E-06 1.83246E-20 5.22977E-07 1.31310E-06
 1.07535E-08 3.41957E-13 7.57401E-14 2.44575E-07 4.55348E-10 9.41721E-10 3.01684E-13 5.88510E-09
 1.92499E-10 1.68692E-13 1.64903E-11 3.49838E-16 2.47322E-10 2.97364E-13 1.03428E-15 1.39823E-12
 1.60074E-10 5.93591E-11 4.77591E-18 1.21547E-24 1.70816E-20 9.26833E-13 1.63512E-14 7.05637E-20
 1.33119E-11 9.09073E-13 9.15691E-06 3.80268E-13 2.24377E-12 5.29979E-12 2.33588E-06 2.81894E-20
 5.14106E-07 1.25579E-06 9.99386E-09 4.69840E-13 9.29497E-14 2.31528E-07 5.16168E-10 1.16826E-09
 3.47834E-13 7.00708E-09 2.38457E-10 2.39327E-13 2.38034E-11 6.13574E-16 2.18873E-10 5.58520E-13
 1.44115E-15 2.18148E-12 1.64084E-10 8.27531E-11 6.33179E-19 1.75519E-25 1.75902E-20 4.45803E-13
 8.32503E-15 8.32130E-21 1.56794E-11 1.56812E-12 9.28296E-06 5.24746E-13 3.28014E-12 9.06975E-12
 2.85921E-06 4.55950E-20 5.04321E-07 1.19737E-06 9.58367E-09 6.56778E-13 1.16714E-13 2.17979E-07
 5.82907E-10 1.41907E-09 4.05128E-13 8.08975E-09 2.86942E-10 3.28064E-13 3.20833E-11 9.93982E-16
 1.92311E-10 1.02805E-12 1.98005E-15 3.30017E-12 1.63182E-10 1.08627E-10 7.97893E-20 2.52417E-26
 1.73581E-20 2.16968E-13 4.41597E-15 9.43346E-22 1.86836E-11 2.66918E-12 9.41079E-06 7.37920E-13
 4.84820E-12 1.56623E-11 3.43327E-06 7.70617E-20 4.93675E-07 1.13852E-06 9.40751E-09 9.23718E-13
 1.49137E-13 2.04091E-07 6.58997E-10 1.70478E-09 4.77754E-13 9.09512E-09 3.37017E-10 4.38797E-13
 4.11067E-11 1.48502E-15 1.67790E-10 1.84702E-12 2.68688E-15 4.84444E-12 1.58416E-10 1.35549E-10
 9.45388E-21 3.55477E-27 1.64827E-20 1.06810E-13 2.59463E-15 1.02017E-22 2.23934E-11 4.49461E-12
 9.53937E-06 1.05089E-12 7.17036E-12 2.67100E-11 4.05326E-06 1.34973E-19 4.82207E-07 1.07973E-06
 9.38493E-09 1.28114E-12 1.91521E-13 1.90006E-07 7.51166E-10 2.04440E-09 5.71104E-13 9.97887E-09
 3.86648E-10 5.75772E-13 5.07045E-11 2.03165E-15 1.45386E-10 3.19682E-12 3.61070E-15 6.88131E-12
 1.51244E-10 1.61737E-10 1.04343E-21 4.81933E-28 1.51530E-20 5.32527E-14 2.29199E-15 1.04227E-23
 2.68550E-11 7.49498E-12 9.66850E-06 1.50787E-12 1.05116E-11 4.41468E-11 4.71105E-06 2.43713E-19
 4.69892E-07 1.02112E-06 9.45803E-09 1.72203E-12 2.44372E-13 1.75786E-07 8.68832E-10 2.46386E-09
 6.93580E-13 1.06970E-08 4.33220E-10 7.43915E-13 6.07265E-11 2.54026E-15 1.25022E-10 5.27810E-12
 4.82789E-15 9.44801E-12 1.43141E-10 1.85553E-10 1.05908E-22 6.18411E-29 1.35525E-20 2.68913E-14
 4.53293E-15 9.93789E-25 3.20512E-11 1.23688E-11 9.79836E-06 2.17085E-12 1.51445E-11 6.96130E-11
 5.39192E-06 4.52436E-19 4.56665E-07 9.62659E-07 9.58251E-09 2.21136E-12 3.06745E-13 1.61464E-07
 1.02439E-09 2.99269E-09 8.57561E-13 1.12035E-08 4.72927E-10 9.47106E-13 7.07636E-11 2.91976E-15
 1.06582E-10 8.26506E-12 6.46635E-15 1.25561E-11 1.35406E-10 2.05631E-10 9.74886E-24 7.51194E-30
 1.18579E-20 1.37650E-14 1.43913E-14 8.87021E-26 3.78300E-11 2.01543E-11 9.92927E-06 3.12494E-12
 2.12734E-11 1.03398E-10 6.07373E-06 8.61976E-19 4.42440E-07 9.04227E-07 9.72031E-09 2.68140E-12
 3.75451E-13 1.47073E-07 1.23364E-09 3.65727E-09 1.08085E-12 1.14552E-08 5.00372E-10 1.18366E-12
 7.97686E-11 3.13849E-15 8.99450E-11 1.22570E-11 8.74491E-15 1.62183E-11 1.29054E-10 2.20963E-10
 8.01918E-25 1.01050E-30 1.02358E-20 7.16344E-15 2.09929E-14 8.67820E-27 4.38793E-11 3.22969E-11
 1.00605E-05 4.48734E-12 2.89451E-11 1.43330E-10 6.72350E-06 1.68281E-18 4.27252E-07 8.46195E-07
 9.83679E-09 3.04810E-12 4.45547E-13 1.32780E-07 1.51506E-09 4.46445E-09 1.38821E-12 1.14180E-08
 5.08777E-10 1.43800E-12 8.56912E-11 3.24965E-15 7.51270E-11 1.72733E-11 1.20417E-14 2.05009E-11
 1.24847E-10 2.30685E-10 5.85851E-26 3.31824E-31 8.90516E-21 3.84776E-15 2.43086E-14 2.05160E-27
 4.98638E-11 5.08464E-11 1.01916E-05 6.41886E-12 3.81114E-11 1.85275E-10 7.30684E-06 3.37109E-18
 4.11120E-07 7.88781E-07 9.90753E-09 3.26159E-12 5.14058E-13 1.18740E-07 1.88571E-09 5.39669E-09
 1.80548E-12 1.10850E-08 4.93968E-10 1.68756E-12 8.65468E-11 3.32831E-15 6.20742E-11 2.33554E-11
 1.69677E-14 2.56078E-11 1.23250E-10 2.34142E-10 3.78488E-27 3.10095E-31 8.06204E-21 2.20015E-15
 2.59562E-14 1.37509E-27 5.54126E-11 7.87327E-11 1.03233E-05 9.12964E-12 4.86021E-11 2.23993E-10
 7.79509E-06 6.93227E-18 3.93928E-07 7.31677E-07 9.92022E-09 3.31046E-12 5.79418E-13 1.04993E-07
 2.36124E-09 6.41166E-09 2.35635E-12 1.04767E-08 4.56122E-10 1.90735E-12 8.14501E-11 3.43201E-15
 5.06068E-11 3.05699E-11 2.44939E-14 3.18709E-11 1.24509E-10 2.30865E-10 2.22497E-28 3.87729E-31
 7.97690E-21 1.40861E-15 2.67477E-14 1.22678E-27 6.02067E-11 1.20051E-10 1.04542E-05 1.28820E-11
 6.00988E-11 2.54124E-10 8.16042E-06 1.45924E-17 3.75832E-07 6.75444E-07 9.87504E-09 3.21707E-12
 6.41834E-13 9.17988E-08 2.95276E-09 7.43266E-09 3.05504E-12 9.63360E-09 3.99309E-10 2.07134E-12
 7.09324E-11 3.58956E-15 4.07140E-11 3.89377E-11 3.61455E-14 3.97097E-11 1.28770E-10 2.20278E-10
 2.33099E-29 5.64586E-31 9.19064E-21 1.07802E-15 2.70783E-14 1.26580E-27 6.41528E-11 1.80904E-10
 1.05827E-05 1.79869E-11 7.23109E-11 2.72366E-10 8.38409E-06 3.13388E-17 3.57106E-07 6.20835E-07
 9.78566E-09 3.03368E-12 7.05066E-13 7.94459E-08 3.66163E-09 8.37182E-09 3.88718E-12 8.61218E-09
 3.31624E-10 2.17054E-12 5.72262E-11 3.76171E-15 3.23677E-11 4.83598E-11 5.41652E-14 4.95846E-11
 1.35967E-10 2.02112E-10 1.84468E-29 9.60892E-31 1.25010E-20 1.00556E-15 2.71508E-14 1.51439E-27
 6.71079E-11 2.70143E-10 1.07087E-05 2.47997E-11 8.48312E-11 2.77510E-10 8.46615E-06 6.81954E-17
 3.37782E-07 5.67775E-07 9.66443E-09 2.79649E-12 7.70507E-13 6.80051E-08 4.48403E-09 9.14302E-09
 4.81906E-12 7.48277E-09 2.61846E-10 2.20183E-12 4.29483E-11 3.89323E-15 2.53835E-11 5.83945E-11
 8.16616E-14 6.17910E-11 1.45601E-10 1.77193E-10 2.75772E-29 1.81698E-30 1.90528E-20 1.08740E-15
 2.70689E-14 1.99688E-27 6.89583E-11 4.00483E-10 1.08314E-05 3.37343E-11 9.72483E-11 2.70693E-10
 8.42329E-06 1.49231E-16 3.18045E-07 5.16567E-07 9.52016E-09 2.53361E-12 8.38656E-13 5.75934E-08
 5.40678E-09 9.66379E-09 5.80315E-12 6.32322E-09 1.97154E-10 2.16515E-12 3.01118E-11 3.93409E-15
 1.96264E-11 6.82694E-11 1.22527E-13 7.63055E-11 1.56599E-10 1.47522E-10 4.35683E-29 3.56807E-30
 3.04404E-20 1.27327E-15 2.68830E-14 2.71431E-27 6.97431E-11 5.90798E-10 1.09494E-05 4.52976E-11
 1.09330E-10 2.54954E-10 8.28052E-06 3.26898E-16 2.98231E-07 4.67800E-07 9.36142E-09 2.27022E-12
 9.11322E-13 4.83350E-08 6.40669E-09 9.87790E-09 6.78193E-12 5.20412E-09 1.42112E-10 2.06943E-12
 1.98311E-11 3.83226E-15 1.49778E-11 7.70263E-11 1.81145E-13 9.26973E-11 1.67542E-10 1.16020E-10
 6.81850E-29 6.95013E-30 4.86601E-20 1.53768E-15 2.66186E-14 3.63375E-27 6.96083E-11 8.69438E-10
 1.10610E-05 6.01579E-11 1.21008E-10 2.33746E-10 8.06023E-06 7.15797E-16 2.78699E-07 4.22011E-07
 9.19622E-09 2.02257E-12 9.91225E-13 4.02844E-08 7.45653E-09 9.76394E-09 7.70464E-12 4.17841E-09
 9.84004E-11 1.92782E-12 1.23260E-11 3.55865E-15 1.12987E-11 8.37239E-11 2.62320E-13 1.10139E-10
 1.77138E-10 8.58827E-11 1.03707E-28 1.31448E-29 7.60254E-20 1.86701E-15 2.62893E-14 4.68768E-27
 6.87708E-11 1.27936E-09 1.11647E-05 7.92491E-11 1.32328E-10 2.10050E-10 7.77744E-06 1.56805E-15
 2.59875E-07 3.79800E-07 9.03228E-09 1.79894E-12 1.08199E-12 3.34535E-08 8.53119E-09 9.33098E-09
 8.54364E-12 3.27966E-09 6.55938E-11 1.75258E-12 7.24772E-12 3.13169E-15 8.45237E-12 8.76852E-11
 3.71871E-13 1.27537E-10 1.84668E-10 5.97320E-11 1.52430E-28 2.39658E-29 1.15003E-19 2.25161E-15
 2.59046E-14 5.77745E-27 6.73903E-11 1.88641E-09 1.12604E-05 1.03846E-10 1.43428E-10 1.86042E-10
 7.43523E-06 3.44361E-15 2.41939E-07 3.41153E-07 8.87458E-09 1.60080E-12 1.18682E-12 2.77192E-08
 9.61058E-09 8.61314E-09 9.28807E-12 2.51647E-09 4.21108E-11 1.55423E-12 4.02538E-12 2.60244E-15
 6.27300E-12 8.86235E-11 5.18461E-13 1.43736E-10 1.90321E-10 3.89746E-11 2.17394E-28 4.22422E-29
 1.68290E-19 2.68911E-15 2.54671E-14 6.80547E-27 6.55906E-11 2.79180E-09 1.13480E-05 1.35459E-10
 1.54582E-10 1.63400E-10 7.03179E-06 7.58748E-15 2.25015E-07 3.05943E-07 8.73047E-09 1.42931E-12
 1.30895E-12 2.29345E-08 1.06722E-08 7.66444E-09 9.91254E-12 1.88144E-09 2.60355E-11 1.34266E-12
 2.10144E-12 2.03178E-15 4.61764E-12 8.66031E-11 7.15613E-13 1.57581E-10 1.95141E-10 2.37905E-11
 3.03565E-28 7.24782E-29 2.38661E-19 3.18270E-15 2.49734E-14 7.69717E-27 6.34684E-11 4.14631E-09
 1.14272E-05 1.75358E-10 1.66236E-10 1.43558E-10 6.57503E-06 1.67017E-14 2.09359E-07 2.74316E-07
 8.61311E-09 1.28768E-12 1.45096E-12 1.89887E-08 1.16809E-08 6.56097E-09 1.03497E-11 1.36300E-09
 1.55420E-11 1.12802E-12 1.02613E-12 1.48301E-15 3.38108E-12 8.19763E-11 9.82344E-13 1.67867E-10
 2.00698E-10 1.35455E-11 4.19034E-28 1.21726E-28 3.28706E-19 3.73649E-15 2.44195E-14 8.41228E-27
 6.09398E-11 6.15532E-09 1.14981E-05 2.23754E-10 1.78920E-10 1.27491E-10 6.08762E-06 3.62841E-14
 1.95082E-07 2.46132E-07 8.53607E-09 1.17707E-12 1.60950E-12 1.57413E-08 1.25791E-08 5.39541E-09
 1.04943E-11 9.49773E-10 9.01544E-12 9.19404E-13 4.67385E-13 1.01602E-15 2.46676E-12 7.53715E-11
 1.34163E-12 1.73527E-10 2.08550E-10 7.19413E-12 5.77158E-28 2.00813E-28 4.42337E-19 4.36106E-15
 2.37948E-14 8.97124E-27 5.79468E-11 9.07535E-09 1.15608E-05 2.79212E-10 1.93126E-10 1.15409E-10
 5.59307E-06 7.66221E-14 1.82272E-07 2.21224E-07 8.51554E-09 1.09790E-12 1.78002E-12 1.30665E-08
 1.32942E-08 4.26932E-09 1.02335E-11 6.32800E-10 5.12470E-12 7.26436E-13 1.98878E-13 6.54339E-16
 1.79695E-12 6.74301E-11 1.81689E-12 1.73866E-10 2.19965E-10 3.57651E-12 7.97190E-28 3.25405E-28
 5.84083E-19 5.06793E-15 2.30878E-14 9.42697E-27 5.44341E-11 1.31712E-08 1.16152E-05 3.39026E-10
 2.08942E-10 1.06918E-10 5.11860E-06 1.54753E-13 1.71120E-07 1.99651E-07 8.56567E-09 1.04534E-12
 1.95096E-12 1.08816E-08 1.37756E-08 3.26553E-09 9.57860E-12 4.04096E-10 2.88643E-12 5.55527E-13
 8.00118E-14 4.06230E-16 1.31502E-12 5.88920E-11 2.42429E-12 1.68846E-10 2.35288E-10 1.68671E-12
 1.09779E-27 5.14038E-28 7.62560E-19 5.85586E-15 2.22997E-14 9.81043E-27 5.06023E-11 1.87099E-08
 1.16612E-05 4.00126E-10 2.26119E-10 1.01025E-10 4.66869E-06 2.96894E-13 1.61747E-07 1.81378E-07
 8.70225E-09 1.01519E-12 2.12088E-12 9.11398E-09 1.40092E-08 2.43468E-09 8.60025E-12 2.48922E-10
 1.62184E-12 4.12345E-13 3.08229E-14 2.43209E-16 9.73947E-13 5.01834E-11 3.17110E-12 1.59090E-10
 2.54270E-10 7.63856E-13 1.49218E-27 7.85950E-28 9.83366E-19 6.71280E-15 2.14426E-14 1.01239E-26
 4.64588E-11 2.58630E-08 1.16996E-05 4.60108E-10 2.44082E-10 9.70459E-11 4.26020E-06 5.37766E-13
 1.54057E-07 1.66014E-07 8.93613E-09 9.96911E-13 2.27027E-12 7.67571E-09 1.40141E-08 1.78179E-09
 7.48592E-12 1.49645E-10 9.17619E-13 2.97510E-13 1.16444E-14 1.46791E-16 7.32220E-13 4.19746E-11
 4.04129E-12 1.45968E-10 2.75397E-10 3.39495E-13 1.97932E-27 1.15386E-27 1.26732E-18 7.62911E-15
 2.05260E-14 1.03901E-26 4.22522E-11 3.47902E-08 1.17315E-05 5.17499E-10 2.62343E-10 9.42100E-11
 3.88760E-06 9.23796E-13 1.47913E-07 1.53150E-07 9.29409E-09 9.85611E-13 2.39723E-12 6.49647E-09
 1.38282E-08 1.28942E-09 6.34953E-12 8.84953E-11 5.23938E-13 2.09811E-13 4.36713E-15 8.91787E-17
 5.59631E-13 3.44789E-11 5.00776E-12 1.30807E-10 2.97450E-10 1.49608E-13 2.54621E-27 1.62399E-27
 1.63162E-18 8.59393E-15 1.95608E-14 1.06406E-26 3.82370E-11 4.56597E-08 1.17573E-05 5.71785E-10
 2.80583E-10 9.19815E-11 3.54495E-06 1.51734E-12 1.43240E-07 1.42561E-07 9.81054E-09 9.79069E-13
 2.50805E-12 5.53551E-09 1.35049E-08 9.29036E-10 5.27304E-12 5.19297E-11 3.02162E-13 1.45542E-13
 1.63824E-15 5.39221E-17 4.36719E-13 2.78275E-11 6.03777E-12 1.14838E-10 3.19247E-10 6.57929E-14
 3.16167E-27 2.19010E-27 2.08877E-18 9.58097E-15 1.85733E-14 1.09072E-26 3.44582E-11 5.84847E-08
 1.17780E-05 6.23377E-10 2.98689E-10 9.04433E-11 3.24465E-06 2.38817E-12 1.39872E-07 1.33894E-07
 1.05283E-08 9.71321E-13 2.58374E-12 4.74884E-09 1.30877E-08 6.68168E-10 4.34286E-12 3.05343E-11
 1.77178E-13 9.97716E-14 6.26151E-16 3.38885E-17 3.48300E-13 2.22941E-11 7.07924E-12 9.93204E-11
 3.39381E-10 2.93525E-14 3.79086E-27 2.83226E-27 2.69094E-18 1.05724E-14 1.75813E-14 1.13334E-26
 3.10500E-11 7.35430E-08 1.17944E-05 6.72899E-10 3.16788E-10 8.91489E-11 2.96645E-06 3.64955E-12
 1.37634E-07 1.26790E-07 1.15194E-08 9.64726E-13 2.64722E-12 4.09856E-09 1.26063E-08 4.81407E-10
 3.53304E-12 1.79686E-11 1.04826E-13 6.78457E-14 2.40486E-16 2.10185E-17 2.83534E-13 1.76330E-11
 8.11259E-12 8.46544E-11 3.57756E-10 1.31527E-14 4.40774E-27 3.53979E-27 3.44499E-18 1.15587E-14
 1.65942E-14 1.20067E-26 2.80060E-11 9.09152E-08 1.18072E-05 7.21491E-10 3.35161E-10 8.82579E-11
 2.71361E-06 5.43533E-12 1.36386E-07 1.21006E-07 1.28619E-08 9.57010E-13 2.69116E-12 3.56025E-09
 1.20879E-08 3.47881E-10 2.85875E-12 1.06348E-11 6.27465E-14 4.59087E-14 9.33751E-17 1.30752E-17
 2.35590E-13 1.38554E-11 9.10483E-12 7.13708E-11 3.73880E-10 5.96102E-15 4.99391E-27 4.29484E-27
 4.40452E-18 1.25227E-14 1.56293E-14 1.31134E-26 2.53164E-11 1.10683E-07 1.18169E-05 7.70683E-10
 3.54326E-10 8.79716E-11 2.48521E-06 7.92423E-12 1.35995E-07 1.16322E-07 1.46533E-08 9.47044E-13
 2.71163E-12 3.11369E-09 1.15519E-08 2.52306E-10 2.31176E-12 6.35123E-12 3.80491E-14 3.09936E-14
 3.67396E-17 8.19960E-18 1.99669E-13 1.08708E-11 1.00358E-11 5.96952E-11 3.87648E-10 2.74333E-15
 5.55024E-27 5.08933E-27 5.64099E-18 1.34506E-14 1.47001E-14 1.48936E-26 2.29687E-11 1.33072E-07
 1.18240E-05 8.22365E-10 3.75054E-10 8.83851E-11 2.27262E-06 1.13919E-11 1.36334E-07 1.12568E-07
 1.69999E-08 9.35682E-13 2.71763E-12 2.74466E-09 1.10154E-08 1.83968E-10 1.86825E-12 3.83251E-12
 2.33384E-14 2.09090E-14 1.45838E-17 5.07203E-18 1.72568E-13 8.51553E-12 1.09073E-11 4.95710E-11
 3.99285E-10 1.27687E-15 6.08947E-27 5.92869E-27 7.19815E-18 1.43266E-14 1.38225E-14 1.75673E-26
 2.09320E-11 1.57846E-07 1.18290E-05 8.78919E-10 3.98341E-10 9.00047E-11 2.07909E-06 1.61498E-11
 1.37274E-07 1.09603E-07 2.00009E-08 9.20658E-13 2.69313E-12 2.44212E-09 1.04936E-08 1.34939E-10
 1.52138E-12 2.35165E-12 1.45676E-14 1.41420E-14 5.89437E-18 3.15812E-18 1.52071E-13 6.71824E-12
 1.17039E-11 4.10120E-11 4.08866E-10 6.07371E-16 6.65364E-27 6.83034E-27 9.23348E-18 1.51350E-14
 1.30121E-14 2.16392E-26 1.91692E-11 1.85027E-07 1.18322E-05 9.43559E-10 4.25680E-10 9.31392E-11
 1.89558E-06 2.27268E-11 1.38696E-07 1.07271E-07 2.37852E-08 9.02677E-13 2.64597E-12 2.19395E-09
 9.99308E-09 9.97810E-11 1.24733E-12 1.46930E-12 9.25115E-15 9.59907E-15 2.41762E-18 1.93162E-18
 1.36391E-13 5.33328E-12 1.24378E-11 3.37857E-11 4.16759E-10 2.93820E-16 7.29950E-27 7.84136E-27
 1.18416E-17 1.58721E-14 1.22724E-14 2.76256E-26 1.76381E-11 2.14191E-07 1.18340E-05 1.02049E-09
 4.59052E-10 9.84615E-11 1.71961E-06 3.18307E-11 1.40518E-07 1.05430E-07 2.85333E-08 8.80770E-13
 2.57113E-12 1.98867E-09 9.51418E-09 7.45350E-11 1.03275E-12 9.37425E-13 5.99984E-15 6.55308E-15
 1.00949E-18 1.15785E-18 1.24168E-13 4.27295E-12 1.31030E-11 2.77224E-11 4.23230E-10 1.44871E-16
 8.12132E-27 9.03959E-27 1.52134E-17 1.65420E-14 1.15991E-14 3.64705E-26 1.63025E-11 2.44450E-07
 1.18346E-05 1.11512E-09 5.01006E-10 1.07026E-10 1.55212E-06 4.43873E-11 1.42673E-07 1.03975E-07
 3.44618E-08 8.53326E-13 2.45765E-12 1.81800E-09 9.05794E-09 5.64221E-11 8.68425E-13 6.14416E-13
 4.00344E-15 4.52015E-15 4.33415E-19 6.84684E-19 1.14495E-13 3.47355E-12 1.36816E-11 2.26771E-11
 4.28506E-10 7.33901E-17 9.25662E-27 1.05391E-26 1.97075E-17 1.71475E-14 1.09892E-14 4.99260E-26
 1.51244E-11 2.75490E-07 1.18344E-05 1.23498E-09 5.55129E-10 1.19948E-10 1.38821E-06 6.20629E-11
 1.45076E-07 1.02837E-07 4.17549E-08 8.20987E-13 2.31667E-12 1.67759E-09 8.63173E-09 4.35778E-11
 7.40936E-13 4.16430E-13 2.76166E-15 3.16397E-15 1.92597E-19 3.92614E-19 1.06844E-13 2.85782E-12
 1.41855E-11 1.84519E-11 4.32850E-10 3.80876E-17 1.08701E-26 1.24938E-26 2.55356E-17 1.76842E-14
 1.04466E-14 7.01978E-26 1.40702E-11 3.06683E-07 1.18334E-05 1.38874E-09 6.25422E-10 1.38872E-10
 1.23176E-06 8.71302E-11 1.47642E-07 1.01962E-07 5.05914E-08 7.83270E-13 2.14600E-12 1.56383E-09
 8.24288E-09 3.46033E-11 6.44259E-13 2.94706E-13 1.98891E-15 2.26749E-15 9.01585E-20 2.19805E-19
 1.00831E-13 2.38485E-12 1.45980E-11 1.49343E-11 4.36435E-10 2.04260E-17 1.31879E-26 1.50983E-26
 3.32055E-17 1.81485E-14 9.97462E-15 1.01464E-25 1.31058E-11 3.38777E-07 1.18319E-05 1.58749E-09
 7.16919E-10 1.65835E-10 1.08420E-06 1.23675E-10 1.50326E-07 1.01290E-07 6.13262E-08 7.41477E-13
 1.96064E-12 1.47206E-09 7.89235E-09 2.84636E-11 5.69543E-13 2.18546E-13 1.50066E-15 1.67484E-15
 4.48666E-20 1.19179E-19 9.60839E-14 2.00860E-12 1.49230E-11 1.19942E-11 4.39431E-10 1.12830E-17
 1.64786E-26 1.85841E-26 4.30371E-17 1.85456E-14 9.56774E-15 1.49452E-25 1.22135E-11 3.73924E-07
 1.18299E-05 1.84444E-09 8.35194E-10 2.03576E-10 9.51858E-07 1.78583E-10 1.53072E-07 1.00779E-07
 7.43801E-08 6.97174E-13 1.77138E-12 1.39913E-09 7.58326E-09 2.43667E-11 5.11757E-13 1.70164E-13
 1.18836E-15 1.28396E-15 2.39708E-20 6.27417E-20 9.23631E-14 1.70250E-12 1.51644E-11 9.55511E-12
 4.41938E-10 6.41231E-18 2.10040E-26 2.31498E-26 5.54828E-17 1.88773E-14 9.22357E-15 2.23212E-25
 1.13999E-11 4.17992E-07 1.18276E-05 2.17903E-09 9.87762E-10 2.55318E-10 8.40900E-07 2.66022E-10
 1.55782E-07 1.00404E-07 9.01209E-08 6.53143E-13 1.59588E-12 1.34335E-09 7.32262E-09 2.16708E-11
 4.66359E-13 1.38653E-13 9.81054E-16 1.02292E-15 1.37156E-20 3.19915E-20 8.95358E-14 1.44669E-12
 1.53643E-11 7.54946E-12 4.44003E-10 3.70278E-18 2.68342E-26 2.88214E-26 7.05064E-17 1.91418E-14
 8.94407E-15 3.34244E-25 1.06719E-11 4.82083E-07 1.18251E-05 2.62160E-09 1.18473E-09 3.25576E-10
 7.64295E-07 4.15200E-10 1.58344E-07 1.00140E-07 1.09067E-07 6.10242E-13 1.43403E-12 1.30298E-09
 7.11513E-09 1.97916E-11 4.34218E-13 1.17415E-13 8.35608E-16 8.47147E-16 8.34511E-21 1.60725E-20
 8.74896E-14 1.24033E-12 1.55472E-11 5.94050E-12 4.45637E-10 2.15214E-18 3.35836E-26 3.51768E-26
 8.88659E-17 1.93379E-14 8.72963E-15 5.04001E-25 1.00658E-11 5.95871E-07 1.18225E-05 3.24855E-09
 1.44992E-09 4.17492E-10 7.42075E-07 7.09287E-10 1.60588E-07 9.99700E-08 1.31886E-07 5.69457E-13
 1.29109E-12 1.27670E-09 6.96655E-09 1.81082E-11 4.18866E-13 1.02302E-13 7.17580E-16 7.23439E-16
 5.24635E-21 8.06032E-21 8.61465E-14 1.08733E-12 1.58052E-11 4.68137E-12 4.46792E-10 1.21789E-18
 3.97824E-26 4.08609E-26 1.10755E-16 1.94641E-14 8.58151E-15 7.67298E-25 9.64399E-12 8.92728E-07
 1.18199E-05 4.29888E-09 1.83806E-09 5.16985E-10 8.75440E-07 1.51057E-09 1.62172E-07 9.98857E-08
 1.59251E-07 5.32331E-13 1.15631E-12 1.26375E-09 6.88665E-09 1.52654E-11 4.40545E-13 9.18039E-14
 5.99307E-16 6.20472E-16 3.31877E-21 4.24758E-21 8.54725E-14 1.00979E-12 1.63078E-11 3.73286E-12
 4.47317E-10 6.27954E-19 4.16213E-26 4.07211E-26 1.39139E-16 1.95135E-14 8.50375E-15 1.21987E-24
 2.85896E+02 2.80784E+02 2.75398E+02 2.69799E+02 2.63969E+02 2.57395E+02 2.49831E+02 2.41469E+02
 2.32788E+02 2.25111E+02 2.19761E+02 2.16876E+02 2.15512E+02 2.14849E+02 2.14588E+02 2.14587E+02
 2.14779E+02 2.15137E+02 2.15656E+02 2.16336E+02 2.17195E+02 2.18287E+02 2.19655E+02 2.21313E+02
 2.23241E+02 2.25381E+02 2.27615E+02 2.29770E+02 2.31785E+02 2.33662E+02 2.35430E+02 2.37240E+02
 2.39156E+02 2.41153E+02 2.43215E+02 2.45340E+02 2.47517E+02 2.49755E+02 2.52093E+02 2.54558E+02
 2.57089E+02 2.59656E+02 2.62019E+02 2.64196E+02 2.65811E+02 2.66915E+02 2.67659E+02 2.67661E+02
 2.67436E+02 2.66843E+02 2.65821E+02 2.64591E+02 2.62878E+02 2.60925E+02 2.58722E+02 2.56104E+02
 2.53357E+02 2.50386E+02 2.47418E+02 2.44500E+02 2.41865E+02 2.39267E+02 2.36686E+02 2.33128E+02
 1.00000E+05 1.00000E+05 1.00000E+05 1.00000E+05 1.00000E+05 1.00000E+05 1.00000E+05 1.00000E+05
 1.00000E+05 8.94400E+04 4.89900E+04 2.25800E+04 1.16600E+04 6.81200E+03 5.16500E+03 4.29000E+03
 3.95000E+03 3.90000E+03 3.99900E+03 4.34300E+03 4.84400E+03 5.43900E+03 6.18700E+03 7.03600E+03
 7.98400E+03 8.98600E+03 1.00400E+04 1.12800E+04 1.24900E+04 1.36400E+04 1.51300E+04 1.66900E+04
 1.81800E+04 1.99800E+04 2.19800E+04 2.44500E+04 2.74600E+04 3.04600E+04 3.39400E+04 3.79500E+04
 4.19500E+04 4.64300E+04 5.19100E+04 5.84000E+04 6.44500E+04 7.13600E+04 7.99000E+04 8.79100E+04
 9.68700E+04 1.06900E+05 1.17900E+05 1.31800E+05 1.48300E+05 1.65800E+05 1.83300E+05 2.01800E+05
 2.25600E+05 2.52200E+05 2.77200E+05 3.07000E+05 3.42100E+05 3.79500E+05 4.21900E+05 4.71700E+05
 2.41834E+19 2.18278E+19 1.96837E+19 1.77278E+19 1.59449E+19 1.43467E+19 1.29217E+19 1.16370E+19
 1.04553E+19 9.31715E+18 8.18919E+18 7.10002E+18 6.10428E+18 5.22766E+18 4.46729E+18 3.81271E+18
 3.25152E+18 2.77148E+18 2.36144E+18 2.01156E+18 1.71316E+18 1.45858E+18 1.24146E+18 1.05648E+18
 8.99186E+17 7.65742E+17 6.52875E+17 5.57714E+17 4.77414E+17 4.09468E+17 3.51791E+17 3.02545E+17
 2.60396E+17 2.24327E+17 1.93453E+17 1.67003E+17 1.44331E+17 1.24873E+17 1.08143E+17 9.37383E+16
 8.13485E+16 7.06881E+16 6.15570E+16 5.37094E+16 4.70095E+16 4.12540E+16 3.62698E+16 3.19833E+16
 2.82269E+16 2.49423E+16 2.20680E+16 1.95309E+16 1.73060E+16 1.53363E+16 1.35912E+16 1.20510E+16
 1.06777E+16 9.45664E+15 8.36337E+15 7.38444E+15 6.50353E+15 5.71918E+15 5.02225E+15 4.42131E+15
 8.69678E-11 1.05758E-10 1.45241E-10 1.94345E-10 2.47281E-10 2.99268E-10 3.46191E-10 3.85553E-10
 4.16740E-10 4.41625E-10 4.66741E-10 5.01414E-10 5.36299E-10 5.64149E-10 5.76717E-10 5.72497E-10
 5.54864E-10 5.28297E-10 4.96442E-10 4.62241E-10 4.27967E-10 3.94620E-10 3.62714E-10 3.32512E-10
 3.04006E-10 2.77069E-10 2.51545E-10 2.27475E-10 2.04813E-10 1.83320E-10 1.63103E-10 1.44309E-10
 1.26800E-10 1.10591E-10 9.57835E-11 8.24380E-11 7.06109E-11 6.01759E-11 5.09905E-11 4.29882E-11
 3.60359E-11 3.00225E-11 2.48974E-11 2.05869E-11 1.69551E-11 1.38884E-11 1.13320E-11 9.20471E-12
 7.43040E-12 5.96196E-12 4.74417E-12 3.76268E-12 2.97855E-12 2.34935E-12 1.84089E-12 1.43090E-12
 1.10699E-12 8.51996E-13 6.49029E-13 4.89971E-13 3.66928E-13 2.72026E-13 1.99677E-13 1.45435E-13
 2.09087E+02 1.78362E+02 1.81448E+02 1.88710E+02 1.96538E+02 1.99238E+02 1.94815E+02 1.87176E+02
 1.74943E+02 1.59983E+02 1.44844E+02 1.27348E+02 1.14743E+02 1.02604E+02 8.84856E+01 7.39131E+01
 6.01068E+01 4.79157E+01 3.77152E+01 2.93724E+01 2.27518E+01 1.75382E+01 1.34546E+01 1.02883E+01
 7.86613E+00 5.99215E+00 4.55926E+00 3.47035E+00 2.64204E+00 2.00667E+00 1.51841E+00 1.14363E+00
 8.55610E-01 6.36554E-01 4.70681E-01 3.45985E-01 2.53311E-01 1.84656E-01 1.33942E-01 9.66849E-02
 6.96317E-02 5.04099E-02 3.64043E-02 2.62641E-02 1.89325E-02 1.36095E-02 9.76277E-03 6.99287E-03
 4.98193E-03 3.53222E-03 2.48683E-03 1.74558E-03 1.22440E-03 8.55833E-04 5.94304E-04 4.09595E-04
 2.80765E-04 1.91380E-04 1.28934E-04 8.59429E-05 5.66830E-05 3.69544E-05 2.38805E-05 1.54834E-05
 1.00000E-12 1.00000E-12 1.00000E-12 1.00000E-12 1.00000E-12 1.00000E-12 1.00000E-12 1.00000E-12
 1.00000E-12 1.00000E-12 1.00000E-12 1.00000E-12 1.00000E-12 1.00000E-12 1.00000E-12 1.00000E-12
 1.00000E-12 1.00000E-12 1.00000E-12 1.00000E-12 1.00000E-12 1.00000E-12 1.00000E-12 1.00000E-12
 1.00000E-12 1.00000E-12 1.00000E-12 1.00000E-12 1.00000E-12 1.00000E-12 1.00000E-12 1.00000E-12
 1.00000E-12 1.00000E-12 1.00000E-12 1.00000E-12 1.00000E-12 1.00000E-12 1.00000E-12 1.00000E-12
 1.00000E-12 1.00000E-12 1.00000E-12 1.00000E-12 1.00000E-12 1.00000E-12 1.00000E-12 1.00000E-12
 1.00000E-12 1.00000E-12 1.00000E-12 1.00000E-12 1.00000E-12 1.00000E-12 1.00000E-12 1.00000E-12
 1.00000E-12 1.00000E-12 1.00000E-12 1.00000E-12 1.00000E-12 1.00000E-12 1.00000E-12 1.00000E-12
 1.00000E-12 1.00000E-12 1.00000E-12 1.00000E-12 1.00000E-12 1.00000E-12 1.00000E-12 1.00000E-12
 1.00000E-12 1.00000E-12 1.00000E-12 1.00000E-12 1.00000E-12 1.00000E-12 1.00000E-12 1.00000E-12
 1.00000E-12 1.00000E-12 1.00000E-12 1.00000E-12 1.00000E-12 1.00000E-12 1.00000E-12 1.00000E-12
 1.00000E-12 1.00000E-12 1.00000E-12 1.00000E-12 1.00000E-12 1.00000E-12 1.00000E-12 1.00000E-12
 1.00000E-12 1.00000E-12 1.00000E-12 1.00000E-12 1.00000E-12 1.00000E-12 1.00000E-12 1.00000E-12
 1.00000E-12 1.00000E-12 1.00000E-12 1.00000E-12 1.00000E-12 1.00000E-12 1.00000E-12 1.00000E-12
 1.00000E-12 1.00000E-12 1.00000E-12 1.00000E-12 1.00000E-12 1.00000E-12 1.00000E-12 1.00000E-12
 1.00000E-12 1.00000E-12 1.00000E-12 1.00000E-12 1.00000E-12 1.00000E-12 1.00000E-12 1.00000E-12
 2.68067E-04 2.99278E-04 3.34986E-04 3.74884E-04 4.17694E-04 4.66187E-04 5.23214E-04 5.88469E-04
 6.66336E-04 7.58749E-04 8.67382E-04 1.00657E-03 1.15904E-03 1.33380E-03 1.54254E-03 1.78941E-03
 2.08175E-03 2.42741E-03 2.83348E-03 3.31216E-03 3.87369E-03 4.53284E-03 5.30704E-03 6.21320E-03
 7.26396E-03 8.48981E-03 9.90799E-03 1.15408E-02 1.34162E-02 1.55712E-02 1.80516E-02 2.09095E-02
 2.42034E-02 2.79791E-02 3.23137E-02 3.72910E-02 4.29943E-02 4.95246E-02 5.69903E-02 6.55283E-02
 7.51874E-02 8.58006E-02 9.77824E-02 1.11303E-01 1.26526E-01 1.43684E-01 1.63050E-01 1.84886E-01
 2.09613E-01 2.37621E-01 2.69380E-01 3.05494E-01 3.46567E-01 3.93444E-01 4.47045E-01 5.08430E-01
 5.79011E-01 6.60315E-01 7.54276E-01 8.63068E-01 9.89285E-01 1.13573E+00 1.30449E+00 1.49515E+00
 1.00000E+00 1.00000E+00 1.00000E+00 1.00000E+00 1.00000E+00 1.00000E+00 1.00000E+00 1.00000E+00
 1.00000E+00 1.00000E+00 1.00000E+00 1.00000E+00 1.00000E+00 1.00000E+00 1.00000E+00 1.00000E+00
 1.00000E+00 1.00000E+00 1.00000E+00 1.00000E+00 1.00000E+00 1.00000E+00 1.00000E+00 1.00000E+00
 1.00000E+00 1.00000E+00 1.00000E+00 1.00000E+00 1.00000E+00 1.00000E+00 1.00000E+00 1.00000E+00
 1.00000E+00 1.00000E+00 1.00000E+00 1.00000E+00 1.00000E+00 1.00000E+00 1.00000E+00 1.00000E+00
 1.00000E+00 1.00000E+00 1.00000E+00 1.00000E+00 1.00000E+00 1.00000E+00 1.00000E+00 1.00000E+00
 1.00000E+00 1.00000E+00 1.00000E+00 1.00000E+00 1.00000E+00 1.00000E+00 1.00000E+00 1.00000E+00
 1.00000E+00 1.00000E+00 1.00000E+00 1.00000E+00 1.00000E+00 1.00000E+00 1.00000E+00 1.00000E+00
 1.00000E+00 1.00000E+00 1.00000E+00 1.00000E+00 1.00000E+00 1.00000E+00 1.00000E+00 1.00000E+00
 1.00000E+00 1.00000E+00 1.00000E+00 1.00000E+00 1.00000E+00 1.00000E+00 1.00000E+00 1.00000E+00
 1.00000E+00 1.00000E+00 1.00000E+00 1.00000E+00 1.00000E+00 1.00000E+00 1.00000E+00 1.00000E+00
 1.00000E+00 1.00000E+00 1.00000E+00 1.00000E+00 1.00000E+00 1.00000E+00 1.00000E+00 1.00000E+00
 1.00000E+00 1.00000E+00 1.00000E+00 1.00000E+00 1.00000E+00 1.00000E+00 1.00000E+00 1.00000E+00
 1.00000E+00 1.00000E+00 1.00000E+00 1.00000E+00 1.00000E+00 1.00000E+00 1.00000E+00 1.00000E+00
 1.00000E+00 1.00000E+00 1.00000E+00 1.00000E+00 1.00000E+00 1.00000E+00 1.00000E+00 1.00000E+00
 1.00000E+00 1.00000E+00 1.00000E+00 1.00000E+00 1.00000E+00 1.00000E+00 1.00000E+00 1.00000E+00
 1.00000E-05 1.00000E-05 1.00000E-05 1.00000E-05 1.00000E-05 1.00000E-05 1.00000E-05 1.00000E-05
 1.00000E-05 1.00000E-05 1.00000E-05 1.00000E-05 1.00000E-05 1.00000E-05 1.00000E-05 1.00000E-05
 1.00000E-05 1.00000E-05 1.00000E-05 1.00000E-05 1.00000E-05 1.00000E-05 1.00000E-05 1.00000E-05
 1.00000E-05 1.00000E-05 1.00000E-05 1.00000E-05 1.00000E-05 1.00000E-05 1.00000E-05 1.00000E-05
 1.00000E-05 1.00000E-05 1.00000E-05 1.00000E-05 1.00000E-05 1.00000E-05 1.00000E-05 1.00000E-05
 1.00000E-05 1.00000E-05 1.00000E-05 1.00000E-05 1.00000E-05 1.00000E-05 1.00000E-05 1.00000E-05
 1.00000E-05 1.00000E-05 1.00000E-05 1.00000E-05 1.00000E-05 1.00000E-05 1.00000E-05 1.00000E-05
 1.00000E-05 1.00000E-05 1.00000E-05 1.00000E-05 1.00000E-05 1.00000E-05 1.00000E-05 1.00000E-05
 1.00000E-09 1.00000E-09 1.00000E-09 1.00000E-09 1.00000E-09 1.00000E-09 1.00000E-09 1.00000E-09
 1.00000E-09 1.00000E-09 1.00000E-09 1.00000E-09 1.00000E-09 1.00000E-09 1.00000E-09 1.00000E-09
 1.00000E-09 1.00000E-09 1.00000E-09 1.00000E-09 1.00000E-09 1.00000E-09 1.00000E-09 1.00000E-09
 1.00000E-09 1.00000E-09 1.00000E-09 1.00000E-09 1.00000E-09 1.00000E-09 1.00000E-09 1.00000E-09
 1.00000E-09 1.00000E-09 1.00000E-09 1.00000E-09 1.00000E-09 1.00000E-09 1.00000E-09 1.00000E-09
 1.00000E-09 1.00000E-09 1.00000E-09 1.00000E-09 1.00000E-09 1.00000E-09 1.00000E-09 1.00000E-09
 1.00000E-09 1.00000E-09 1.00000E-09 1.00000E-09 1.00000E-09 1.00000E-09 1.00000E-09 1.00000E-09
 1.00000E-09 1.00000E-09 1.00000E-09 1.00000E-09 1.00000E-09 1.00000E-09 1.00000E-09 1.00000E-09
 1.00000E-09 1.00000E-09 1.00000E-09 1.00000E-09 1.00000E-09 1.00000E-09 1.00000E-09 1.00000E-09
 1.00000E-09 1.00000E-09 1.00000E-09 1.00000E-09 1.00000E-09 1.00000E-09 1.00000E-09 1.00000E-09
 1.00000E-09 1.00000E-09 1.00000E-09 1.00000E-09 1.00000E-09 1.00000E-09 1.00000E-09 1.00000E-09
 1.00000E-09 1.00000E-09 1.00000E-09 1.00000E-09 1.00000E-09 1.00000E-09 1.00000E-09 1.00000E-09
 1.00000E-09 1.00000E-09 1.00000E-09 1.00000E-09 1.00000E-09 1.00000E-09 1.00000E-09 1.00000E-09
 1.00000E-09 1.00000E-09 1.00000E-09 1.00000E-09 1.00000E-09 1.00000E-09 1.00000E-09 1.00000E-09
 1.00000E-09 1.00000E-09 1.00000E-09 1.00000E-09 1.00000E-09 1.00000E-09 1.00000E-09 1.00000E-09
 1.00000E-09 1.00000E-09 1.00000E-09 1.00000E-09 1.00000E-09 1.00000E-09 1.00000E-09 1.00000E-09
